Using pre-set license
Built from '2020.3/staging' branch; Version is '2020.3.24f1 (79c78de19888) revision 7980941'; Using compiler version '192528614'; Build Type 'Release'
OS: 'Windows 11  (10.0.22000) 64bit Professional' Language: 'en' Physical Memory: 12197 MB
BatchMode: 1, IsHumanControllingUs: 0, StartBugReporterOnCrash: 0, Is64bit: 1, IsPro: 0

COMMAND LINE ARGUMENTS:
D:\Software\Unity\2020.3.24f1\Editor\Unity.exe
-adb2
-batchMode
-noUpm
-name
AssetImportWorker3
-projectPath
D:/Gen Games Development/Games/Night Madness
-logFile
Logs/AssetImportWorker3.log
-srvPort
50067
Successfully changed project path to: D:/Gen Games Development/Games/Night Madness
D:/Gen Games Development/Games/Night Madness
Using Asset Import Pipeline V2.
Refreshing native plugins compatible for Editor in 224.26 ms, found 4 plugins.
Preloading 0 native plugins for Editor in 0.00 ms.
Initialize engine version: 2020.3.24f1 (79c78de19888)
[Subsystems] Discovering subsystems at path D:/Software/Unity/2020.3.24f1/Editor/Data/Resources/UnitySubsystems
[Subsystems] Discovering subsystems at path D:/Gen Games Development/Games/Night Madness/Assets
GfxDevice: creating device client; threaded=0
Direct3D:
    Version:  Direct3D 11.0 [level 11.0]
    Renderer: NVIDIA GeForce GTX 750 Ti (ID=0x1380)
    Vendor:   
    VRAM:     2007 MB
    Driver:   30.0.14.9709
Initialize mono
Mono path[0] = 'D:/Software/Unity/2020.3.24f1/Editor/Data/Managed'
Mono path[1] = 'D:/Software/Unity/2020.3.24f1/Editor/Data/MonoBleedingEdge/lib/mono/unityjit'
Mono config path = 'D:/Software/Unity/2020.3.24f1/Editor/Data/MonoBleedingEdge/etc'
Using monoOptions --debugger-agent=transport=dt_socket,embedding=1,server=y,suspend=n,address=127.0.0.1:56372
Begin MonoManager ReloadAssembly
Registering precompiled unity dll's ...
Register platform support module: D:/Software/Unity/2020.3.24f1/Editor/Data/PlaybackEngines/WindowsStandaloneSupport/UnityEditor.WindowsStandalone.Extensions.dll
Registered in 0.001059 seconds.
Native extension for WindowsStandalone target not found
Refreshing native plugins compatible for Editor in 209.62 ms, found 4 plugins.
Preloading 0 native plugins for Editor in 0.00 ms.
Mono: successfully reloaded assembly
- Completed reload, in  0.937 seconds
Domain Reload Profiling:
	ReloadAssembly (938ms)
		BeginReloadAssembly (61ms)
			ExecutionOrderSort (0ms)
			DisableScriptedObjects (0ms)
			BackupInstance (0ms)
			ReleaseScriptingObjects (0ms)
			CreateAndSetChildDomain (1ms)
		EndReloadAssembly (775ms)
			LoadAssemblies (61ms)
			RebuildTransferFunctionScriptingTraits (0ms)
			SetupTypeCache (199ms)
			ReleaseScriptCaches (0ms)
			RebuildScriptCaches (43ms)
			SetupLoadedEditorAssemblies (387ms)
				LogAssemblyErrors (0ms)
				InitializePlatformSupportModulesInManaged (5ms)
				SetLoadedEditorAssemblies (0ms)
				RefreshPlugins (210ms)
				BeforeProcessingInitializeOnLoad (16ms)
				ProcessInitializeOnLoadAttributes (104ms)
				ProcessInitializeOnLoadMethodAttributes (52ms)
				AfterProcessingInitializeOnLoad (0ms)
				EditorAssembliesLoaded (0ms)
			ExecutionOrderSort2 (0ms)
			AwakeInstancesAfterBackupRestoration (0ms)
Platform modules already initialized, skipping
Registering precompiled user dll's ...
Registered in 0.006504 seconds.
Begin MonoManager ReloadAssembly
Symbol file LoadedFromMemory doesn't match image D:\Gen Games Development\Games\Night Madness\Library\PackageCache\com.unity.visualscripting@1.7.5\Editor\VisualScripting.Core\Dependencies\YamlDotNet\Unity.VisualScripting.YamlDotNet.dll
Symbol file LoadedFromMemory doesn't match image D:\Gen Games Development\Games\Night Madness\Library\PackageCache\com.unity.visualscripting@1.7.5\Editor\VisualScripting.Core\Dependencies\DotNetZip\Unity.VisualScripting.IonicZip.dll
Native extension for WindowsStandalone target not found
Refreshing native plugins compatible for Editor in 187.58 ms, found 4 plugins.
Preloading 0 native plugins for Editor in 0.00 ms.
Mono: successfully reloaded assembly
- Completed reload, in  7.625 seconds
Domain Reload Profiling:
	ReloadAssembly (7626ms)
		BeginReloadAssembly (191ms)
			ExecutionOrderSort (0ms)
			DisableScriptedObjects (7ms)
			BackupInstance (0ms)
			ReleaseScriptingObjects (0ms)
			CreateAndSetChildDomain (24ms)
		EndReloadAssembly (7360ms)
			LoadAssemblies (2575ms)
			RebuildTransferFunctionScriptingTraits (0ms)
			SetupTypeCache (593ms)
			ReleaseScriptCaches (1ms)
			RebuildScriptCaches (117ms)
			SetupLoadedEditorAssemblies (3924ms)
				LogAssemblyErrors (0ms)
				InitializePlatformSupportModulesInManaged (5ms)
				SetLoadedEditorAssemblies (0ms)
				RefreshPlugins (188ms)
				BeforeProcessingInitializeOnLoad (164ms)
				ProcessInitializeOnLoadAttributes (3505ms)
				ProcessInitializeOnLoadMethodAttributes (61ms)
				AfterProcessingInitializeOnLoad (2ms)
				EditorAssembliesLoaded (0ms)
			ExecutionOrderSort2 (0ms)
			AwakeInstancesAfterBackupRestoration (8ms)
Platform modules already initialized, skipping
========================================================================
Worker process is ready to serve import requests
Launched and connected shader compiler UnityShaderCompiler.exe after 0.13 seconds
Refreshing native plugins compatible for Editor in 1.36 ms, found 4 plugins.
Preloading 0 native plugins for Editor in 0.00 ms.
Unloading 5965 Unused Serialized files (Serialized files now loaded: 0)
System memory in use before: 238.8 MB.
System memory in use after: 239.3 MB.

Unloading 202 unused Assets to reduce memory usage. Loaded Objects now: 6372.
Total: 8.844100 ms (FindLiveObjects: 2.119500 ms CreateObjectMapping: 0.856200 ms MarkObjects: 5.393200 ms  DeleteObjects: 0.473000 ms)

AssetImportParameters requested are different than current active one (requested -> active):
  custom:framework-win-MediaFoundation: 216162199b28c13a410421893ffa2e32 -> 
  custom:video-decoder-ogg-theora: a1e56fd34408186e4bbccfd4996cb3dc -> 
  custom:container-muxer-webm: aa71ff27fc2769a1b78a27578f13a17b -> 
  custom:container-demuxer-webm: 4f35f7cbe854078d1ac9338744f61a02 -> 
  custom:container-demuxer-ogg: 62fdf1f143b41e24485cea50d1cbac27 -> 
  custom:video-encoder-webm-vp8: eb34c28f22e8b96e1ab97ce403110664 -> 
  custom:video-decoder-webm-vp8: 9c59270c3fd7afecdb556c50c9e8de78 -> 
  custom:audio-decoder-ogg-vorbis: bf7c407c2cedff20999df2af8eb42d56 -> 
  custom:audio-encoder-webm-vorbis: bf7c407c2cedff20999df2af8eb42d56 -> 
========================================================================
Received Import Request.
  path: Assets/Animations/Human/Noah@Getting Hit.fbx
  artifactKey: Guid(c943b4aa434625949ad31288e136be93) Importer(815301076,1909f56bfc062723c751e8b465ee728b)
Start importing Assets/Animations/Human/Noah@Getting Hit.fbx using Guid(c943b4aa434625949ad31288e136be93) Importer(815301076,1909f56bfc062723c751e8b465ee728b)  -> (artifact id: 'c62a76cdf63b73a0d05e3fbc9f1677f6') in 1.642526 seconds 
  Import took 1.706600 seconds .

========================================================================
Received Import Request.
  Time since last request: 80.105327 seconds.
  path: Assets/Animations/Human/Noah@Fall Flat.fbx
  artifactKey: Guid(9ba848de395c10240949cadff6583792) Importer(815301076,1909f56bfc062723c751e8b465ee728b)
Start importing Assets/Animations/Human/Noah@Fall Flat.fbx using Guid(9ba848de395c10240949cadff6583792) Importer(815301076,1909f56bfc062723c751e8b465ee728b)  -> (artifact id: '77f74765effaf5956f3d7ba5df6fea48') in 0.220333 seconds 
  Import took 0.291332 seconds .

========================================================================
Received Import Request.
  Time since last request: 12.441112 seconds.
  path: Assets/Animations/Human/Falling.fbx
  artifactKey: Guid(9ba848de395c10240949cadff6583792) Importer(815301076,1909f56bfc062723c751e8b465ee728b)
Start importing Assets/Animations/Human/Falling.fbx using Guid(9ba848de395c10240949cadff6583792) Importer(815301076,1909f56bfc062723c751e8b465ee728b)  -> (artifact id: '38125b6d96ebfccc5af01a1c81e7c13b') in 0.192396 seconds 
  Import took 0.244050 seconds .

========================================================================
Received Import Request.
  Time since last request: 11.289826 seconds.
  path: Assets/Animations/Human/Falling.fbx
  artifactKey: Guid(9ba848de395c10240949cadff6583792) Importer(815301076,1909f56bfc062723c751e8b465ee728b)
Start importing Assets/Animations/Human/Falling.fbx using Guid(9ba848de395c10240949cadff6583792) Importer(815301076,1909f56bfc062723c751e8b465ee728b)  -> (artifact id: '9d6a48780359bc71ded136e1f2b6f085') in 0.190588 seconds 
  Import took 0.230926 seconds .

========================================================================
Received Import Request.
  Time since last request: 19.766070 seconds.
  path: Assets/Animations/Human/Falling.fbx
  artifactKey: Guid(9ba848de395c10240949cadff6583792) Importer(815301076,1909f56bfc062723c751e8b465ee728b)
Start importing Assets/Animations/Human/Falling.fbx using Guid(9ba848de395c10240949cadff6583792) Importer(815301076,1909f56bfc062723c751e8b465ee728b)  -> (artifact id: 'b0b9dd8d2ce6395235958c620154a8bb') in 0.226090 seconds 
  Import took 0.245228 seconds .

========================================================================
Received Import Request.
  Time since last request: 99.424822 seconds.
  path: Assets/Animations/Human/Fall Flat.anim
  artifactKey: Guid(292f65e24c4a122459af8ca9681aa1c9) Importer(815301076,1909f56bfc062723c751e8b465ee728b)
Start importing Assets/Animations/Human/Fall Flat.anim using Guid(292f65e24c4a122459af8ca9681aa1c9) Importer(815301076,1909f56bfc062723c751e8b465ee728b)  -> (artifact id: 'eb9e2b9e0dd5fc4516ab524f49c01a22') in 0.026316 seconds 
  Import took 0.087483 seconds .

